<?xml version="1.0" encoding="UTF-8"?>
<testng-results skipped="0" failed="0" total="1" passed="1">
  <reporter-output>
    <line>
      <![CDATA[Dashboard Url: stagingdashboard.modjoul.com]]>
    </line>
    <line>
      <![CDATA[Username: Halva@mailinator.com]]>
    </line>
    <line>
      <![CDATA[password: **********]]>
    </line>
    <line>
      <![CDATA[Last activity reported at November 27 2018 01:52:39 am]]>
    </line>
    <line>
      <![CDATA[Total work time is : 0mins 0secs]]>
    </line>
    <line>
      <![CDATA[-------------------------------------------------]]>
    </line>
    <line>
      <![CDATA[-------------------------------------------------]]>
    </line>
    <line>
      <![CDATA[Walking duration is :  0mins 0secs]]>
    </line>
    <line>
      <![CDATA[ Walking step count is :  0]]>
    </line>
    <line>
      <![CDATA[Walking distance in miles is : 0]]>
    </line>
    <line>
      <![CDATA[WalkingSpeed in miles/hour is :  0]]>
    </line>
    <line>
      <![CDATA[-------------------------------------------------]]>
    </line>
    <line>
      <![CDATA[-------------------------------------------------]]>
    </line>
    <line>
      <![CDATA[Total Bend count is :  0]]>
    </line>
    <line>
      <![CDATA[Bending duration is : 0mins 0secs]]>
    </line>
    <line>
      <![CDATA[-------------------------------------------------]]>
    </line>
    <line>
      <![CDATA[-------------------------------------------------]]>
    </line>
    <line>
      <![CDATA[Total twistCount is :  0]]>
    </line>
    <line>
      <![CDATA[Twisting duration is :  0mins 0secs]]>
    </line>
    <line>
      <![CDATA[-------------------------------------------------]]>
    </line>
    <line>
      <![CDATA[-------------------------------------------------]]>
    </line>
    <line>
      <![CDATA[sitting/Standing duration is :  0mins 0secs]]>
    </line>
    <line>
      <![CDATA[-------------------------------------------------]]>
    </line>
    <line>
      <![CDATA[-------------------------------------------------]]>
    </line>
    <line>
      <![CDATA[Driving duration is  0mins 0secs]]>
    </line>
    <line>
      <![CDATA[-------------------------------------------------]]>
    </line>
    <line>
      <![CDATA[-------------------------------------------------]]>
    </line>
    <line>
      <![CDATA[completed ]]>
    </line>
  </reporter-output>
  <suite name="Default suite" duration-ms="146091" started-at="2018-11-28T05:46:40Z" finished-at="2018-11-28T05:49:06Z">
    <groups>
    </groups>
    <test name="Default test" duration-ms="146091" started-at="2018-11-28T05:46:40Z" finished-at="2018-11-28T05:49:06Z">
      <class name="com.test1.Sanitytest">
        <test-method status="PASS" signature="testEmpLogin()[pri:0, instance:com.test1.Sanitytest@7ac7a4e4]" name="testEmpLogin" duration-ms="146075" started-at="2018-11-28T05:46:40Z" finished-at="2018-11-28T05:49:06Z">
          <reporter-output>
            <line>
              <![CDATA[Dashboard Url: stagingdashboard.modjoul.com]]>
            </line>
            <line>
              <![CDATA[Username: Halva@mailinator.com]]>
            </line>
            <line>
              <![CDATA[password: **********]]>
            </line>
            <line>
              <![CDATA[Last activity reported at November 27 2018 01:52:39 am]]>
            </line>
            <line>
              <![CDATA[Total work time is : 0mins 0secs]]>
            </line>
            <line>
              <![CDATA[-------------------------------------------------]]>
            </line>
            <line>
              <![CDATA[-------------------------------------------------]]>
            </line>
            <line>
              <![CDATA[Walking duration is :  0mins 0secs]]>
            </line>
            <line>
              <![CDATA[ Walking step count is :  0]]>
            </line>
            <line>
              <![CDATA[Walking distance in miles is : 0]]>
            </line>
            <line>
              <![CDATA[WalkingSpeed in miles/hour is :  0]]>
            </line>
            <line>
              <![CDATA[-------------------------------------------------]]>
            </line>
            <line>
              <![CDATA[-------------------------------------------------]]>
            </line>
            <line>
              <![CDATA[Total Bend count is :  0]]>
            </line>
            <line>
              <![CDATA[Bending duration is : 0mins 0secs]]>
            </line>
            <line>
              <![CDATA[-------------------------------------------------]]>
            </line>
            <line>
              <![CDATA[-------------------------------------------------]]>
            </line>
            <line>
              <![CDATA[Total twistCount is :  0]]>
            </line>
            <line>
              <![CDATA[Twisting duration is :  0mins 0secs]]>
            </line>
            <line>
              <![CDATA[-------------------------------------------------]]>
            </line>
            <line>
              <![CDATA[-------------------------------------------------]]>
            </line>
            <line>
              <![CDATA[sitting/Standing duration is :  0mins 0secs]]>
            </line>
            <line>
              <![CDATA[-------------------------------------------------]]>
            </line>
            <line>
              <![CDATA[-------------------------------------------------]]>
            </line>
            <line>
              <![CDATA[Driving duration is  0mins 0secs]]>
            </line>
            <line>
              <![CDATA[-------------------------------------------------]]>
            </line>
            <line>
              <![CDATA[-------------------------------------------------]]>
            </line>
            <line>
              <![CDATA[completed ]]>
            </line>
          </reporter-output>
        </test-method> <!-- testEmpLogin -->
      </class> <!-- com.test1.Sanitytest -->
    </test> <!-- Default test -->
  </suite> <!-- Default suite -->
</testng-results>
